Build started 06/05/2014 18:14:40.
Project "C:\Users\Master\Documents\GitHub\cpp.chating\tpso2\tpso2.vcxproj" on node 2 (Build target(s)).
ClCompile:
  C:\Program Files\Microsoft Visual Studio 11.0\VC\bin\CL.exe /c /ZI /nologo /W3 /WX- /sdl /Od /Oy- /D WIN32 /D _DEBUG /D _WINDOWS /D _UNICODE /D UNICODE /Gm /EHsc /RTC1 /MDd /GS /fp:precise /Zc:wchar_t /Zc:forScope /Fo"Debug\\" /Fd"Debug\vc110.pdb" /Gd /TP /analyze- /errorReport:prompt Botao.cpp CaixaTexto.cpp Controlo.cpp JanelaPrincipal.cpp base.cpp
  JanelaPrincipal.cpp
  CaixaTexto.cpp
  Botao.cpp
  Generating Code...
  Compiling...
  base.cpp
  Controlo.cpp
  Generating Code...
Link:
  C:\Program Files\Microsoft Visual Studio 11.0\VC\bin\link.exe /ERRORREPORT:PROMPT /OUT:"C:\Users\Master\Documents\GitHub\cpp.chating\Debug\tpso2.exe" /INCREMENTAL /NOLOGO DLL/DLLTP.lib kernel32.lib user32.lib gdi32.lib winspool.lib comdlg32.lib advapi32.lib shell32.lib ole32.lib oleaut32.lib uuid.lib odbc32.lib odbccp32.lib /MANIFEST /MANIFESTUAC:"level='asInvoker' uiAccess='false'" /manifest:embed /DEBUG /PDB:"C:\Users\Master\Documents\GitHub\cpp.chating\Debug\tpso2.pdb" /SUBSYSTEM:WINDOWS /TLBID:1 /DYNAMICBASE /NXCOMPAT /IMPLIB:"C:\Users\Master\Documents\GitHub\cpp.chating\Debug\tpso2.lib" /MACHINE:X86 Debug\tpso2.res
  Debug\base.obj
  Debug\Botao.obj
  Debug\CaixaTexto.obj
  Debug\ChatBox.obj
  Debug\ChatBoxItem.obj
  Debug\Comunicacao.obj
  Debug\Controlo.obj
  Debug\JanelaGenerica.obj
  Debug\JanelaPrivada.obj
  Debug\Layout.obj
  Debug\ListBox.obj
  Debug\registo.obj
  Debug\JanelaPrincipal.obj
  Debug\Thread.obj
  Debug\ThreadCaixaDialogoLogin.obj
  DLL\DLLTP.lib
  tpso2.vcxproj -> C:\Users\Master\Documents\GitHub\cpp.chating\Debug\tpso2.exe
Done Building Project "C:\Users\Master\Documents\GitHub\cpp.chating\tpso2\tpso2.vcxproj" (Build target(s)).

Build succeeded.

Time Elapsed 00:00:18.34
