d:\edesta\cpp.chating\tpso2\debug\vc120.pdb
d:\edesta\cpp.chating\tpso2\debug\vc120.idb
d:\edesta\cpp.chating\tpso2\debug\base.obj
d:\edesta\cpp.chating\tpso2\debug\botao.obj
d:\edesta\cpp.chating\tpso2\debug\caixatexto.obj
d:\edesta\cpp.chating\tpso2\debug\comunicacao.obj
d:\edesta\cpp.chating\tpso2\debug\controlo.obj
d:\edesta\cpp.chating\tpso2\debug\janelagenerica.obj
d:\edesta\cpp.chating\tpso2\debug\janelaprivada.obj
d:\edesta\cpp.chating\tpso2\debug\layout.obj
d:\edesta\cpp.chating\tpso2\debug\listbox.obj
d:\edesta\cpp.chating\tpso2\debug\registo.obj
d:\edesta\cpp.chating\tpso2\debug\janelaprincipal.obj
d:\edesta\cpp.chating\tpso2\debug\thread.obj
d:\edesta\cpp.chating\tpso2\debug\threadcaixadialogologin.obj
d:\edesta\cpp.chating\debug\tpso2.ilk
d:\edesta\cpp.chating\debug\tpso2.exe
d:\edesta\cpp.chating\debug\tpso2.pdb
d:\edesta\cpp.chating\tpso2\debug\tpso2.res
d:\edesta\cpp.chating\tpso2\debug\tpso2.tlog\cl.command.1.tlog
d:\edesta\cpp.chating\tpso2\debug\tpso2.tlog\cl.read.1.tlog
d:\edesta\cpp.chating\tpso2\debug\tpso2.tlog\cl.write.1.tlog
d:\edesta\cpp.chating\tpso2\debug\tpso2.tlog\link.command.1.tlog
d:\edesta\cpp.chating\tpso2\debug\tpso2.tlog\link.read.1.tlog
d:\edesta\cpp.chating\tpso2\debug\tpso2.tlog\link.write.1.tlog
d:\edesta\cpp.chating\tpso2\debug\tpso2.tlog\rc.command.1.tlog
d:\edesta\cpp.chating\tpso2\debug\tpso2.tlog\rc.read.1.tlog
d:\edesta\cpp.chating\tpso2\debug\tpso2.tlog\rc.write.1.tlog
